<?xml version="1.0" encoding="UTF-8"?>
<testng-results skipped="0" failed="0" total="1" passed="1">
  <reporter-output>
  </reporter-output>
  <suite name="Suite" duration-ms="22802" started-at="2017-12-01T14:44:25Z" finished-at="2017-12-01T14:44:47Z">
    <groups>
    </groups>
    <test name="Test" duration-ms="22802" started-at="2017-12-01T14:44:25Z" finished-at="2017-12-01T14:44:47Z">
      <class name="com.yi.testcase.LoginTest">
        <test-method status="PASS" signature="beforeClass()[pri:0, instance:com.yi.testcase.LoginTest@10dae16]" name="beforeClass" is-config="true" duration-ms="15353" started-at="2017-12-01T22:44:25Z" finished-at="2017-12-01T22:44:40Z">
          <reporter-output>
          </reporter-output>
        </test-method> <!-- beforeClass -->
        <test-method status="PASS" signature="test(java.lang.String, java.lang.String)[pri:0, instance:com.yi.testcase.LoginTest@10dae16]" name="test" duration-ms="7415" started-at="2017-12-01T22:44:40Z" finished-at="2017-12-01T22:44:47Z">
          <params>
            <param index="0">
              <value>
                <![CDATA[hahays]]>
              </value>
            </param>
            <param index="1">
              <value>
                <![CDATA[123456]]>
              </value>
            </param>
          </params>
          <reporter-output>
          </reporter-output>
        </test-method> <!-- test -->
        <test-method status="PASS" signature="afterClass()[pri:0, instance:com.yi.testcase.LoginTest@10dae16]" name="afterClass" is-config="true" duration-ms="15" started-at="2017-12-01T22:44:47Z" finished-at="2017-12-01T22:44:47Z">
          <reporter-output>
          </reporter-output>
        </test-method> <!-- afterClass -->
      </class> <!-- com.yi.testcase.LoginTest -->
    </test> <!-- Test -->
  </suite> <!-- Suite -->
</testng-results>
