<?xml version="1.0" encoding="UTF-8"?>
<testng-results skipped="0" failed="0" total="1" passed="1">
  <reporter-output>
  </reporter-output>
  <suite name="Suite" duration-ms="22553" started-at="2017-12-01T14:51:05Z" finished-at="2017-12-01T14:51:28Z">
    <groups>
    </groups>
    <test name="Test" duration-ms="22553" started-at="2017-12-01T14:51:05Z" finished-at="2017-12-01T14:51:28Z">
      <class name="com.yi.testcase.LoginTest">
        <test-method status="PASS" signature="beforeClass()[pri:0, instance:com.yi.testcase.LoginTest@a353ed]" name="beforeClass" is-config="true" duration-ms="14449" started-at="2017-12-01T22:51:05Z" finished-at="2017-12-01T22:51:20Z">
          <reporter-output>
          </reporter-output>
        </test-method> <!-- beforeClass -->
        <test-method status="PASS" signature="test(java.lang.String, java.lang.String)[pri:0, instance:com.yi.testcase.LoginTest@a353ed]" name="test" duration-ms="8057" started-at="2017-12-01T22:51:20Z" finished-at="2017-12-01T22:51:28Z">
          <params>
            <param index="0">
              <value>
                <![CDATA[hahays]]>
              </value>
            </param>
            <param index="1">
              <value>
                <![CDATA[123456]]>
              </value>
            </param>
          </params>
          <reporter-output>
          </reporter-output>
        </test-method> <!-- test -->
        <test-method status="PASS" signature="afterClass()[pri:0, instance:com.yi.testcase.LoginTest@a353ed]" name="afterClass" is-config="true" duration-ms="18" started-at="2017-12-01T22:51:28Z" finished-at="2017-12-01T22:51:28Z">
          <reporter-output>
          </reporter-output>
        </test-method> <!-- afterClass -->
      </class> <!-- com.yi.testcase.LoginTest -->
    </test> <!-- Test -->
  </suite> <!-- Suite -->
</testng-results>
